# JRE version: OpenJDK Runtime Environment Corretto-18.0.2.9.1 (18.0.2+9) (build 18.0.2+9-FR)
# Java VM: OpenJDK 64-Bit Server VM Corretto-18.0.2.9.1 (18.0.2+9-FR, mixed mode, sharing, tiered, compressed oops, compressed class ptrs, g1 gc, windows-amd64)
GC Precious Log:
 CardTable entry size: 512
 Card Set container configuration: InlinePtr #cards 5 size 8 Array Of Cards #cards 12 size 40 Howl #buckets 4 coarsen threshold 1843 Howl Bitmap #cards 512 size 80 coarsen threshold 460 Card regions per heap region 1 cards per card region 2048
 CPUs: 16 total, 16 available
 Memory: 7599M
 Large Page Support: Disabled
 NUMA Support: Disabled
 Compressed Oops: Enabled (32-bit)
 Heap Region Size: 1M
 Heap Min Capacity: 256M
 Heap Initial Capacity: 256M
 Heap Max Capacity: 512M
 Pre-touch: Disabled
 Parallel Workers: 13
 Concurrent Workers: 3
 Concurrent Refinement Workers: 13
 Periodic GC: Disabled
Heap:
 garbage-first heap   total 262144K, used 205075K [0x00000000e0000000, 0x0000000100000000)
  region size 1024K, 115 young (117760K), 18 survivors (18432K)
 Metaspace       used 71368K, committed 73536K, reserved 380928K
  class space    used 9649K, committed 10816K, reserved 315392K
GC Heap History (20 events):
Event: 1.688 GC heap before
{Heap before GC invocations=1 (full 0):
 garbage-first heap   total 262144K, used 38425K [0x00000000e0000000, 0x0000000100000000)
  region size 1024K, 30 young (30720K), 3 survivors (3072K)
 Metaspace       used 4160K, committed 4352K, reserved 380928K
  class space    used 494K, committed 576K, reserved 315392K
}
Event: 1.691 GC heap after
{Heap after GC invocations=2 (full 0):
 garbage-first heap   total 262144K, used 11262K [0x00000000e0000000, 0x0000000100000000)
  region size 1024K, 1 young (1024K), 1 survivors (1024K)
 Metaspace       used 4160K, committed 4352K, reserved 380928K
  class space    used 494K, committed 576K, reserved 315392K
}
Event: 4.122 GC heap before
{Heap before GC invocations=2 (full 0):
 garbage-first heap   total 262144K, used 123902K [0x00000000e0000000, 0x0000000100000000)
  region size 1024K, 112 young (114688K), 1 survivors (1024K)
 Metaspace       used 20804K, committed 21504K, reserved 380928K
  class space    used 3009K, committed 3392K, reserved 315392K
}
Event: 4.133 GC heap after
{Heap after GC invocations=3 (full 0):
 garbage-first heap   total 262144K, used 22512K [0x00000000e0000000, 0x0000000100000000)
  region size 1024K, 12 young (12288K), 12 survivors (12288K)
 Metaspace       used 20804K, committed 21504K, reserved 380928K
  class space    used 3009K, committed 3392K, reserved 315392K
}
Event: 5.479 GC heap before
{Heap before GC invocations=4 (full 0):
 garbage-first heap   total 262144K, used 129008K [0x00000000e0000000, 0x0000000100000000)
  region size 1024K, 113 young (115712K), 12 survivors (12288K)
 Metaspace       used 34830K, committed 35968K, reserved 380928K
  class space    used 4805K, committed 5440K, reserved 315392K
}
Event: 5.490 GC heap after
{Heap after GC invocations=5 (full 0):
 garbage-first heap   total 262144K, used 30639K [0x00000000e0000000, 0x0000000100000000)
  region size 1024K, 9 young (9216K), 9 survivors (9216K)
 Metaspace       used 34830K, committed 35968K, reserved 380928K
  class space    used 4805K, committed 5440K, reserved 315392K
}
Event: 5.518 GC heap before
{Heap before GC invocations=5 (full 0):
 garbage-first heap   total 262144K, used 32687K [0x00000000e0000000, 0x0000000100000000)
  region size 1024K, 12 young (12288K), 9 survivors (9216K)
 Metaspace       used 35100K, committed 36288K, reserved 380928K
  class space    used 4827K, committed 5440K, reserved 315392K
}
Event: 5.523 GC heap after
{Heap after GC invocations=6 (full 0):
 garbage-first heap   total 262144K, used 30704K [0x00000000e0000000, 0x0000000100000000)
  region size 1024K, 2 young (2048K), 2 survivors (2048K)
 Metaspace       used 35100K, committed 36288K, reserved 380928K
  class space    used 4827K, committed 5440K, reserved 315392K
}
Event: 5.571 GC heap before
{Heap before GC invocations=6 (full 0):
 garbage-first heap   total 262144K, used 32752K [0x00000000e0000000, 0x0000000100000000)
  region size 1024K, 5 young (5120K), 2 survivors (2048K)
 Metaspace       used 35402K, committed 36608K, reserved 380928K
  class space    used 4859K, committed 5440K, reserved 315392K
}
Event: 5.572 GC heap after
{Heap after GC invocations=7 (full 0):
 garbage-first heap   total 262144K, used 30257K [0x00000000e0000000, 0x0000000100000000)
  region size 1024K, 1 young (1024K), 1 survivors (1024K)
 Metaspace       used 35402K, committed 36608K, reserved 380928K
  class space    used 4859K, committed 5440K, reserved 315392K
}
Event: 7.506 GC heap before
{Heap before GC invocations=8 (full 0):
 garbage-first heap   total 262144K, used 184881K [0x00000000e0000000, 0x0000000100000000)
  region size 1024K, 151 young (154624K), 1 survivors (1024K)
 Metaspace       used 49248K, committed 51072K, reserved 380928K
  class space    used 6990K, committed 7936K, reserved 315392K
}
Event: 7.515 GC heap after
{Heap after GC invocations=9 (full 0):
 garbage-first heap   total 262144K, used 41084K [0x00000000e0000000, 0x0000000100000000)
  region size 1024K, 12 young (12288K), 12 survivors (12288K)
 Metaspace       used 49248K, committed 51072K, reserved 380928K
  class space    used 6990K, committed 7936K, reserved 315392K
}
Event: 9.451 GC heap before
{Heap before GC invocations=9 (full 0):
 garbage-first heap   total 262144K, used 184444K [0x00000000e0000000, 0x0000000100000000)
  region size 1024K, 153 young (156672K), 12 survivors (12288K)
 Metaspace       used 56338K, committed 58304K, reserved 380928K
  class space    used 7885K, committed 8960K, reserved 315392K
}
Event: 9.467 GC heap after
{Heap after GC invocations=10 (full 0):
 garbage-first heap   total 262144K, used 55380K [0x00000000e0000000, 0x0000000100000000)
  region size 1024K, 15 young (15360K), 15 survivors (15360K)
 Metaspace       used 56338K, committed 58304K, reserved 380928K
  class space    used 7885K, committed 8960K, reserved 315392K
}
Event: 10.729 GC heap before
{Heap before GC invocations=10 (full 0):
 garbage-first heap   total 262144K, used 191572K [0x00000000e0000000, 0x0000000100000000)
  region size 1024K, 148 young (151552K), 15 survivors (15360K)
 Metaspace       used 58134K, committed 60224K, reserved 380928K
  class space    used 8063K, committed 9152K, reserved 315392K
}
Event: 10.738 GC heap after
{Heap after GC invocations=11 (full 0):
 garbage-first heap   total 262144K, used 58567K [0x00000000e0000000, 0x0000000100000000)
  region size 1024K, 5 young (5120K), 5 survivors (5120K)
 Metaspace       used 58134K, committed 60224K, reserved 380928K
  class space    used 8063K, committed 9152K, reserved 315392K
}
Event: 11.161 GC heap before
{Heap before GC invocations=11 (full 0):
 garbage-first heap   total 262144K, used 150727K [0x00000000e0000000, 0x0000000100000000)
  region size 1024K, 97 young (99328K), 5 survivors (5120K)
 Metaspace       used 59048K, committed 61120K, reserved 380928K
  class space    used 8181K, committed 9280K, reserved 315392K
}
Event: 11.174 GC heap after
{Heap after GC invocations=12 (full 0):
 garbage-first heap   total 262144K, used 74581K [0x00000000e0000000, 0x0000000100000000)
  region size 1024K, 18 young (18432K), 18 survivors (18432K)
 Metaspace       used 59048K, committed 61120K, reserved 380928K
  class space    used 8181K, committed 9280K, reserved 315392K
}
Event: 13.067 GC heap before
{Heap before GC invocations=13 (full 0):
 garbage-first heap   total 262144K, used 200533K [0x00000000e0000000, 0x0000000100000000)
  region size 1024K, 137 young (140288K), 18 survivors (18432K)
 Metaspace       used 68613K, committed 70720K, reserved 380928K
  class space    used 9314K, committed 10432K, reserved 315392K
}
Event: 13.121 GC heap after
{Heap after GC invocations=14 (full 0):
 garbage-first heap   total 262144K, used 95507K [0x00000000e0000000, 0x0000000100000000)
  region size 1024K, 18 young (18432K), 18 survivors (18432K)
 Metaspace       used 68613K, committed 70720K, reserved 380928K
  class space    used 9314K, committed 10432K, reserved 315392K
}

